<?xml version="1.0" encoding="UTF-8"?>
<testng-results ignored="0" total="1" passed="1" failed="0" skipped="0">
  <reporter-output>
  </reporter-output>
  <suite started-at="2021-05-16T23:06:15 IST" name="Default suite" finished-at="2021-05-16T23:06:29 IST" duration-ms="14193">
    <groups>
    </groups>
    <test started-at="2021-05-16T23:06:15 IST" name="Default test" finished-at="2021-05-16T23:06:29 IST" duration-ms="14193">
      <class name="com.orangehr.testCases.TC_Login_001">
        <test-method is-config="true" signature="setUp()[pri:0, instance:com.orangehr.testCases.TC_Login_001@d4342c2]" started-at="2021-05-16T23:06:15 IST" name="setUp" finished-at="2021-05-16T23:06:17 IST" duration-ms="2189" status="PASS">
          <reporter-output>
          </reporter-output>
        </test-method> <!-- setUp -->
        <test-method signature="LoginTC()[pri:0, instance:com.orangehr.testCases.TC_Login_001@d4342c2]" started-at="2021-05-16T23:06:17 IST" name="LoginTC" finished-at="2021-05-16T23:06:29 IST" duration-ms="11127" status="PASS">
          <reporter-output>
          </reporter-output>
        </test-method> <!-- LoginTC -->
        <test-method is-config="true" signature="tearDown()[pri:0, instance:com.orangehr.testCases.TC_Login_001@d4342c2]" started-at="2021-05-16T23:06:29 IST" name="tearDown" finished-at="2021-05-16T23:06:29 IST" duration-ms="807" status="PASS">
          <reporter-output>
          </reporter-output>
        </test-method> <!-- tearDown -->
      </class> <!-- com.orangehr.testCases.TC_Login_001 -->
    </test> <!-- Default test -->
  </suite> <!-- Default suite -->
</testng-results>
